Arguments: 
  /usr/bin/node /usr/share/yarn/bin/yarn.js watch:css

PATH: 
  /home/dev/.rbenv/versions/3.1.2/bin:/home/dev/.rbenv/libexec:/home/dev/.rbenv/plugins/ruby-build/bin:/home/dev/.rbenv/shims:/home/dev/.rbenv/bin:/home/dev/.rbenv/shims:/home/dev/.rbenv/bin:/home/dev/.rbenv/shims:/home/dev/.rbenv/bin:/usr/local/sbin:/usr/local/bin:/usr/sbin:/usr/bin:/sbin:/bin:/usr/games:/usr/local/games:/snap/bin:/snap/bin

Yarn version: 
  1.22.19

Node version: 
  16.20.2

Platform: 
  linux x64

Trace: 
  SyntaxError: /home/dev/Desktop/sa-portal/package.json: Unexpected token w in JSON at position 843
      at JSON.parse (<anonymous>)
      at /usr/share/yarn/lib/cli.js:1629:59
      at Generator.next (<anonymous>)
      at step (/usr/share/yarn/lib/cli.js:310:30)
      at /usr/share/yarn/lib/cli.js:321:13

npm manifest: 
  {
    "name": "app",
    "private": "true",
    "scripts": {
      "build:css:compile": "sass ./app/assets/stylesheets/application.bootstrap.scss:./app/assets/builds/application.css --no-source-map --load-path=node_modules",
      "build:css:prefix": "postcss ./app/assets/builds/application.css --use=autoprefixer --output=./app/assets/builds/application.css",
      "build:css": "sass ./app/assets/stylesheets/application.bootstrap.scss ./app/assets/builds/application.css --no-source-map --load-path=node_modules",
      "watch:css": "nodemon --watch ./app/assets/stylesheets/ --ext scss --exec \"yarn build:css\""
    },
    "browserslist": [
      "defaults"
    ],
    "devDependencies": {
      "autoprefixer": "^10.4.20",
      "postcss": "^8.4.47",
      "sass": "^1.79.3"
    },
    "dependencies": {
      "bootstrap": "^5.3.3",
      "bootstrap-icons": "^1.11.3"
    }
  }
  w

yarn manifest: 
  No manifest

Lockfile: 
  # THIS IS AN AUTOGENERATED FILE. DO NOT EDIT THIS FILE DIRECTLY.
  # yarn lockfile v1
  
  
  autoprefixer@^10.4.20:
    version "10.4.20"
    resolved "https://registry.npmjs.org/autoprefixer/-/autoprefixer-10.4.20.tgz"
    integrity sha512-XY25y5xSv/wEoqzDyXXME4AFfkZI0P23z6Fs3YgymDnKJkCGOnkL0iTxCa85UTqaSgfcqyf3UA6+c7wUvx/16g==
    dependencies:
      browserslist "^4.23.3"
      caniuse-lite "^1.0.30001646"
      fraction.js "^4.3.7"
      normalize-range "^0.1.2"
      picocolors "^1.0.1"
      postcss-value-parser "^4.2.0"
  
  bootstrap-icons@^1.11.3:
    version "1.11.3"
    resolved "https://registry.npmjs.org/bootstrap-icons/-/bootstrap-icons-1.11.3.tgz"
    integrity sha512-+3lpHrCw/it2/7lBL15VR0HEumaBss0+f/Lb6ZvHISn1mlK83jjFpooTLsMWbIjJMDjDjOExMsTxnXSIT4k4ww==
  
  bootstrap@^5.3.3:
    version "5.3.3"
    resolved "https://registry.npmjs.org/bootstrap/-/bootstrap-5.3.3.tgz"
    integrity sha512-8HLCdWgyoMguSO9o+aH+iuZ+aht+mzW0u3HIMzVu7Srrpv7EBBxTnrFlSCskwdY1+EOFQSm7uMJhNQHkdPcmjg==
  
  browserslist@^4.23.3:
    version "4.24.0"
    resolved "https://registry.npmjs.org/browserslist/-/browserslist-4.24.0.tgz"
    integrity sha512-Rmb62sR1Zpjql25eSanFGEhAxcFwfA1K0GuQcLoaJBAcENegrQut3hYdhXFF1obQfiDyqIW/cLM5HSJ/9k884A==
    dependencies:
      caniuse-lite "^1.0.30001663"
      electron-to-chromium "^1.5.28"
      node-releases "^2.0.18"
      update-browserslist-db "^1.1.0"
  
  caniuse-lite@^1.0.30001646, caniuse-lite@^1.0.30001663:
    version "1.0.30001664"
    resolved "https://registry.npmjs.org/caniuse-lite/-/caniuse-lite-1.0.30001664.tgz"
    integrity sha512-AmE7k4dXiNKQipgn7a2xg558IRqPN3jMQY/rOsbxDhrd0tyChwbITBfiwtnqz8bi2M5mIWbxAYBvk7W7QBUS2g==
  
  chokidar@^4.0.0:
    version "4.0.1"
    resolved "https://registry.npmjs.org/chokidar/-/chokidar-4.0.1.tgz"
    integrity sha512-n8enUVCED/KVRQlab1hr3MVpcVMvxtZjmEa956u+4YijlmQED223XMSYj2tLuKvr4jcCTzNNMpQDUer72MMmzA==
    dependencies:
      readdirp "^4.0.1"
  
  electron-to-chromium@^1.5.28:
    version "1.5.29"
    resolved "https://registry.npmjs.org/electron-to-chromium/-/electron-to-chromium-1.5.29.tgz"
    integrity sha512-PF8n2AlIhCKXQ+gTpiJi0VhcHDb69kYX4MtCiivctc2QD3XuNZ/XIOlbGzt7WAjjEev0TtaH6Cu3arZExm5DOw==
  
  escalade@^3.2.0:
    version "3.2.0"
    resolved "https://registry.npmjs.org/escalade/-/escalade-3.2.0.tgz"
    integrity sha512-WUj2qlxaQtO4g6Pq5c29GTcWGDyd8itL8zTlipgECz3JesAiiOKotd8JU6otB3PACgG6xkJUyVhboMS+bje/jA==
  
  fraction.js@^4.3.7:
    version "4.3.7"
    resolved "https://registry.npmjs.org/fraction.js/-/fraction.js-4.3.7.tgz"
    integrity sha512-ZsDfxO51wGAXREY55a7la9LScWpwv9RxIrYABrlvOFBlH/ShPnrtsXeuUIfXKKOVicNxQ+o8JTbJvjS4M89yew==
  
  immutable@^4.0.0:
    version "4.3.7"
    resolved "https://registry.npmjs.org/immutable/-/immutable-4.3.7.tgz"
    integrity sha512-1hqclzwYwjRDFLjcFxOM5AYkkG0rpFPpr1RLPMEuGczoS7YA8gLhy8SWXYRAA/XwfEHpfo3cw5JGioS32fnMRw==
  
  nanoid@^3.3.7:
    version "3.3.7"
    resolved "https://registry.npmjs.org/nanoid/-/nanoid-3.3.7.tgz"
    integrity sha512-eSRppjcPIatRIMC1U6UngP8XFcz8MQWGQdt1MTBQ7NaAmvXDfvNxbvWV3x2y6CdEUciCSsDHDQZbhYaB8QEo2g==
  
  node-releases@^2.0.18:
    version "2.0.18"
    resolved "https://registry.npmjs.org/node-releases/-/node-releases-2.0.18.tgz"
    integrity sha512-d9VeXT4SJ7ZeOqGX6R5EM022wpL+eWPooLI+5UpWn2jCT1aosUQEhQP214x33Wkwx3JQMvIm+tIoVOdodFS40g==
  
  normalize-range@^0.1.2:
    version "0.1.2"
    resolved "https://registry.npmjs.org/normalize-range/-/normalize-range-0.1.2.tgz"
    integrity sha512-bdok/XvKII3nUpklnV6P2hxtMNrCboOjAcyBuQnWEhO665FwrSNRxU+AqpsyvO6LgGYPspN+lu5CLtw4jPRKNA==
  
  picocolors@^1.0.1, picocolors@^1.1.0:
    version "1.1.0"
    resolved "https://registry.npmjs.org/picocolors/-/picocolors-1.1.0.tgz"
    integrity sha512-TQ92mBOW0l3LeMeyLV6mzy/kWr8lkd/hp3mTg7wYK7zJhuBStmGMBG0BdeDZS/dZx1IukaX6Bk11zcln25o1Aw==
  
  postcss-value-parser@^4.2.0:
    version "4.2.0"
    resolved "https://registry.npmjs.org/postcss-value-parser/-/postcss-value-parser-4.2.0.tgz"
    integrity sha512-1NNCs6uurfkVbeXG4S8JFT9t19m45ICnif8zWLd5oPSZ50QnwMfK+H3jv408d4jw/7Bttv5axS5IiHoLaVNHeQ==
  
  postcss@^8.4.47:
    version "8.4.47"
    resolved "https://registry.npmjs.org/postcss/-/postcss-8.4.47.tgz"
    integrity sha512-56rxCq7G/XfB4EkXq9Egn5GCqugWvDFjafDOThIdMBsI15iqPqR5r15TfSr1YPYeEI19YeaXMCbY6u88Y76GLQ==
    dependencies:
      nanoid "^3.3.7"
      picocolors "^1.1.0"
      source-map-js "^1.2.1"
  
  readdirp@^4.0.1:
    version "4.0.1"
    resolved "https://registry.npmjs.org/readdirp/-/readdirp-4.0.1.tgz"
    integrity sha512-GkMg9uOTpIWWKbSsgwb5fA4EavTR+SG/PMPoAY8hkhHfEEY0/vqljY+XHqtDf2cr2IJtoNRDbrrEpZUiZCkYRw==
  
  sass@^1.79.3:
    version "1.79.3"
    resolved "https://registry.yarnpkg.com/sass/-/sass-1.79.3.tgz#7811b000eb68195fe51dea89177e73e7ef7f546f"
    integrity sha512-m7dZxh0W9EZ3cw50Me5GOuYm/tVAJAn91SUnohLRo9cXBixGUOdvmryN+dXpwR831bhoY3Zv7rEFt85PUwTmzA==
    dependencies:
      chokidar "^4.0.0"
      immutable "^4.0.0"
      source-map-js ">=0.6.2 <2.0.0"
  
  "source-map-js@>=0.6.2 <2.0.0", source-map-js@^1.2.1:
    version "1.2.1"
    resolved "https://registry.npmjs.org/source-map-js/-/source-map-js-1.2.1.tgz"
    integrity sha512-UXWMKhLOwVKb728IUtQPXxfYU+usdybtUrK/8uGE8CQMvrhOpwvzDBwj0QhSL7MQc7vIsISBG8VQ8+IDQxpfQA==
  
  update-browserslist-db@^1.1.0:
    version "1.1.1"
    resolved "https://registry.npmjs.org/update-browserslist-db/-/update-browserslist-db-1.1.1.tgz"
    integrity sha512-R8UzCaa9Az+38REPiJ1tXlImTJXlVfgHZsglwBD/k6nj76ctsH1E3q4doGrukiLQd3sGQYu56r5+lo5r94l29A==
    dependencies:
      escalade "^3.2.0"
      picocolors "^1.1.0"
